# JRE version: OpenJDK Runtime Environment Temurin-17.0.4+8 (17.0.4+8) (build 17.0.4+8)
# Java VM: OpenJDK 64-Bit Server VM Temurin-17.0.4+8 (17.0.4+8, mixed mode, tiered, compressed oops, compressed class ptrs, parallel gc, windows-amd64)
GC Precious Log:
 CPUs: 12 total, 12 available
 Memory: 8109M
 Large Page Support: Disabled
 NUMA Support: Disabled
 Compressed Oops: Enabled (32-bit)
 Alignments: Space 512K, Generation 512K, Heap 2M
 Heap Min Capacity: 100M
 Heap Initial Capacity: 100M
 Heap Max Capacity: 1G
 Pre-touch: Disabled
 Parallel Workers: 10
Heap:
 PSYoungGen      total 23040K, used 11035K [0x00000000eab00000, 0x00000000ec700000, 0x0000000100000000)
  eden space 22016K, 47% used [0x00000000eab00000,0x00000000eb540090,0x00000000ec080000)
  from space 1024K, 52% used [0x00000000ec600000,0x00000000ec686f38,0x00000000ec700000)
  to   space 1024K, 0% used [0x00000000ec500000,0x00000000ec500000,0x00000000ec600000)
 ParOldGen       total 68608K, used 17937K [0x00000000c0000000, 0x00000000c4300000, 0x00000000eab00000)
  object space 68608K, 26% used [0x00000000c0000000,0x00000000c11846c8,0x00000000c4300000)
 Metaspace       used 29762K, committed 30272K, reserved 1081344K
  class space    used 2860K, committed 3072K, reserved 1048576K
GC Heap History (20 events):
Event: 1.622 GC heap before
{Heap before GC invocations=6 (full 0):
 PSYoungGen      total 29184K, used 28276K [0x00000000eab00000, 0x00000000ece80000, 0x0000000100000000)
  eden space 25088K, 96% used [0x00000000eab00000,0x00000000ec29e520,0x00000000ec380000)
  from space 4096K, 99% used [0x00000000ec400000,0x00000000ec7fed98,0x00000000ec800000)
  to   space 5632K, 0% used [0x00000000ec900000,0x00000000ec900000,0x00000000ece80000)
 ParOldGen       total 68608K, used 8465K [0x00000000c0000000, 0x00000000c4300000, 0x00000000eab00000)
  object space 68608K, 12% used [0x00000000c0000000,0x00000000c08444f8,0x00000000c4300000)
 Metaspace       used 20314K, committed 20672K, reserved 1073152K
  class space    used 2042K, committed 2240K, reserved 1048576K
}
Event: 1.625 GC heap after
{Heap after GC invocations=6 (full 0):
 PSYoungGen      total 30208K, used 5138K [0x00000000eab00000, 0x00000000ece80000, 0x0000000100000000)
  eden space 24576K, 0% used [0x00000000eab00000,0x00000000eab00000,0x00000000ec300000)
  from space 5632K, 91% used [0x00000000ec900000,0x00000000ece04b68,0x00000000ece80000)
  to   space 5632K, 0% used [0x00000000ec380000,0x00000000ec380000,0x00000000ec900000)
 ParOldGen       total 68608K, used 8465K [0x00000000c0000000, 0x00000000c4300000, 0x00000000eab00000)
  object space 68608K, 12% used [0x00000000c0000000,0x00000000c08444f8,0x00000000c4300000)
 Metaspace       used 20314K, committed 20672K, reserved 1073152K
  class space    used 2042K, committed 2240K, reserved 1048576K
}
Event: 1.634 GC heap before
{Heap before GC invocations=7 (full 0):
 PSYoungGen      total 30208K, used 28648K [0x00000000eab00000, 0x00000000ece80000, 0x0000000100000000)
  eden space 24576K, 95% used [0x00000000eab00000,0x00000000ec1f5498,0x00000000ec300000)
  from space 5632K, 91% used [0x00000000ec900000,0x00000000ece04b68,0x00000000ece80000)
  to   space 5632K, 0% used [0x00000000ec380000,0x00000000ec380000,0x00000000ec900000)
 ParOldGen       total 68608K, used 8465K [0x00000000c0000000, 0x00000000c4300000, 0x00000000eab00000)
  object space 68608K, 12% used [0x00000000c0000000,0x00000000c08444f8,0x00000000c4300000)
 Metaspace       used 20314K, committed 20672K, reserved 1073152K
  class space    used 2042K, committed 2240K, reserved 1048576K
}
Event: 1.637 GC heap after
{Heap after GC invocations=7 (full 0):
 PSYoungGen      total 29184K, used 4948K [0x00000000eab00000, 0x00000000ecc80000, 0x0000000100000000)
  eden space 24064K, 0% used [0x00000000eab00000,0x00000000eab00000,0x00000000ec280000)
  from space 5120K, 96% used [0x00000000ec380000,0x00000000ec855270,0x00000000ec880000)
  to   space 4096K, 0% used [0x00000000ec880000,0x00000000ec880000,0x00000000ecc80000)
 ParOldGen       total 68608K, used 9950K [0x00000000c0000000, 0x00000000c4300000, 0x00000000eab00000)
  object space 68608K, 14% used [0x00000000c0000000,0x00000000c09b7a60,0x00000000c4300000)
 Metaspace       used 20314K, committed 20672K, reserved 1073152K
  class space    used 2042K, committed 2240K, reserved 1048576K
}
Event: 1.644 GC heap before
{Heap before GC invocations=8 (full 0):
 PSYoungGen      total 29184K, used 28435K [0x00000000eab00000, 0x00000000ecc80000, 0x0000000100000000)
  eden space 24064K, 97% used [0x00000000eab00000,0x00000000ec1efb48,0x00000000ec280000)
  from space 5120K, 96% used [0x00000000ec380000,0x00000000ec855270,0x00000000ec880000)
  to   space 4096K, 0% used [0x00000000ec880000,0x00000000ec880000,0x00000000ecc80000)
 ParOldGen       total 68608K, used 9950K [0x00000000c0000000, 0x00000000c4300000, 0x00000000eab00000)
  object space 68608K, 14% used [0x00000000c0000000,0x00000000c09b7a60,0x00000000c4300000)
 Metaspace       used 20314K, committed 20672K, reserved 1073152K
  class space    used 2042K, committed 2240K, reserved 1048576K
}
Event: 1.646 GC heap after
{Heap after GC invocations=8 (full 0):
 PSYoungGen      total 26624K, used 2570K [0x00000000eab00000, 0x00000000ecb80000, 0x0000000100000000)
  eden space 23552K, 0% used [0x00000000eab00000,0x00000000eab00000,0x00000000ec200000)
  from space 3072K, 83% used [0x00000000ec880000,0x00000000ecb02aa0,0x00000000ecb80000)
  to   space 3584K, 0% used [0x00000000ec480000,0x00000000ec480000,0x00000000ec800000)
 ParOldGen       total 68608K, used 12544K [0x00000000c0000000, 0x00000000c4300000, 0x00000000eab00000)
  object space 68608K, 18% used [0x00000000c0000000,0x00000000c0c402d0,0x00000000c4300000)
 Metaspace       used 20314K, committed 20672K, reserved 1073152K
  class space    used 2042K, committed 2240K, reserved 1048576K
}
Event: 1.656 GC heap before
{Heap before GC invocations=9 (full 0):
 PSYoungGen      total 26624K, used 24836K [0x00000000eab00000, 0x00000000ecb80000, 0x0000000100000000)
  eden space 23552K, 94% used [0x00000000eab00000,0x00000000ec0be6e0,0x00000000ec200000)
  from space 3072K, 83% used [0x00000000ec880000,0x00000000ecb02aa0,0x00000000ecb80000)
  to   space 3584K, 0% used [0x00000000ec480000,0x00000000ec480000,0x00000000ec800000)
 ParOldGen       total 68608K, used 12544K [0x00000000c0000000, 0x00000000c4300000, 0x00000000eab00000)
  object space 68608K, 18% used [0x00000000c0000000,0x00000000c0c402d0,0x00000000c4300000)
 Metaspace       used 20314K, committed 20672K, reserved 1073152K
  class space    used 2042K, committed 2240K, reserved 1048576K
}
Event: 1.658 GC heap after
{Heap after GC invocations=9 (full 0):
 PSYoungGen      total 26112K, used 2858K [0x00000000eab00000, 0x00000000ec900000, 0x0000000100000000)
  eden space 23040K, 0% used [0x00000000eab00000,0x00000000eab00000,0x00000000ec180000)
  from space 3072K, 93% used [0x00000000ec480000,0x00000000ec74aaa0,0x00000000ec780000)
  to   space 1536K, 0% used [0x00000000ec780000,0x00000000ec780000,0x00000000ec900000)
 ParOldGen       total 68608K, used 12544K [0x00000000c0000000, 0x00000000c4300000, 0x00000000eab00000)
  object space 68608K, 18% used [0x00000000c0000000,0x00000000c0c402d0,0x00000000c4300000)
 Metaspace       used 20314K, committed 20672K, reserved 1073152K
  class space    used 2042K, committed 2240K, reserved 1048576K
}
Event: 1.669 GC heap before
{Heap before GC invocations=10 (full 0):
 PSYoungGen      total 26112K, used 25898K [0x00000000eab00000, 0x00000000ec900000, 0x0000000100000000)
  eden space 23040K, 100% used [0x00000000eab00000,0x00000000ec180000,0x00000000ec180000)
  from space 3072K, 93% used [0x00000000ec480000,0x00000000ec74aaa0,0x00000000ec780000)
  to   space 1536K, 0% used [0x00000000ec780000,0x00000000ec780000,0x00000000ec900000)
 ParOldGen       total 68608K, used 12544K [0x00000000c0000000, 0x00000000c4300000, 0x00000000eab00000)
  object space 68608K, 18% used [0x00000000c0000000,0x00000000c0c402d0,0x00000000c4300000)
 Metaspace       used 20314K, committed 20672K, reserved 1073152K
  class space    used 2042K, committed 2240K, reserved 1048576K
}
Event: 1.671 GC heap after
{Heap after GC invocations=10 (full 0):
 PSYoungGen      total 23552K, used 736K [0x00000000eab00000, 0x00000000ec880000, 0x0000000100000000)
  eden space 22528K, 0% used [0x00000000eab00000,0x00000000eab00000,0x00000000ec100000)
  from space 1024K, 71% used [0x00000000ec780000,0x00000000ec838000,0x00000000ec880000)
  to   space 1536K, 0% used [0x00000000ec580000,0x00000000ec580000,0x00000000ec700000)
 ParOldGen       total 68608K, used 14071K [0x00000000c0000000, 0x00000000c4300000, 0x00000000eab00000)
  object space 68608K, 20% used [0x00000000c0000000,0x00000000c0dbdf08,0x00000000c4300000)
 Metaspace       used 20314K, committed 20672K, reserved 1073152K
  class space    used 2042K, committed 2240K, reserved 1048576K
}
Event: 1.954 GC heap before
{Heap before GC invocations=11 (full 0):
 PSYoungGen      total 23552K, used 20199K [0x00000000eab00000, 0x00000000ec880000, 0x0000000100000000)
  eden space 22528K, 86% used [0x00000000eab00000,0x00000000ebe01fd8,0x00000000ec100000)
  from space 1024K, 71% used [0x00000000ec780000,0x00000000ec838000,0x00000000ec880000)
  to   space 1536K, 0% used [0x00000000ec580000,0x00000000ec580000,0x00000000ec700000)
 ParOldGen       total 68608K, used 14071K [0x00000000c0000000, 0x00000000c4300000, 0x00000000eab00000)
  object space 68608K, 20% used [0x00000000c0000000,0x00000000c0dbdf08,0x00000000c4300000)
 Metaspace       used 21091K, committed 21504K, reserved 1073152K
  class space    used 2110K, committed 2304K, reserved 1048576K
}
Event: 1.958 GC heap after
{Heap after GC invocations=11 (full 0):
 PSYoungGen      total 24064K, used 1536K [0x00000000eab00000, 0x00000000ecd00000, 0x0000000100000000)
  eden space 22528K, 0% used [0x00000000eab00000,0x00000000eab00000,0x00000000ec100000)
  from space 1536K, 100% used [0x00000000ec580000,0x00000000ec700000,0x00000000ec700000)
  to   space 6144K, 0% used [0x00000000ec700000,0x00000000ec700000,0x00000000ecd00000)
 ParOldGen       total 68608K, used 17759K [0x00000000c0000000, 0x00000000c4300000, 0x00000000eab00000)
  object space 68608K, 25% used [0x00000000c0000000,0x00000000c1157f08,0x00000000c4300000)
 Metaspace       used 21091K, committed 21504K, reserved 1073152K
  class space    used 2110K, committed 2304K, reserved 1048576K
}
Event: 1.958 GC heap before
{Heap before GC invocations=12 (full 1):
 PSYoungGen      total 24064K, used 1536K [0x00000000eab00000, 0x00000000ecd00000, 0x0000000100000000)
  eden space 22528K, 0% used [0x00000000eab00000,0x00000000eab00000,0x00000000ec100000)
  from space 1536K, 100% used [0x00000000ec580000,0x00000000ec700000,0x00000000ec700000)
  to   space 6144K, 0% used [0x00000000ec700000,0x00000000ec700000,0x00000000ecd00000)
 ParOldGen       total 68608K, used 17759K [0x00000000c0000000, 0x00000000c4300000, 0x00000000eab00000)
  object space 68608K, 25% used [0x00000000c0000000,0x00000000c1157f08,0x00000000c4300000)
 Metaspace       used 21091K, committed 21504K, reserved 1073152K
  class space    used 2110K, committed 2304K, reserved 1048576K
}
Event: 1.985 GC heap after
{Heap after GC invocations=12 (full 1):
 PSYoungGen      total 24064K, used 0K [0x00000000eab00000, 0x00000000ecd00000, 0x0000000100000000)
  eden space 22528K, 0% used [0x00000000eab00000,0x00000000eab00000,0x00000000ec100000)
  from space 1536K, 0% used [0x00000000ec580000,0x00000000ec580000,0x00000000ec700000)
  to   space 6144K, 0% used [0x00000000ec700000,0x00000000ec700000,0x00000000ecd00000)
 ParOldGen       total 68608K, used 16234K [0x00000000c0000000, 0x00000000c4300000, 0x00000000eab00000)
  object space 68608K, 23% used [0x00000000c0000000,0x00000000c0fdaa00,0x00000000c4300000)
 Metaspace       used 21078K, committed 21504K, reserved 1073152K
  class space    used 2106K, committed 2304K, reserved 1048576K
}
Event: 2.228 GC heap before
{Heap before GC invocations=13 (full 1):
 PSYoungGen      total 24064K, used 22528K [0x00000000eab00000, 0x00000000ecd00000, 0x0000000100000000)
  eden space 22528K, 100% used [0x00000000eab00000,0x00000000ec100000,0x00000000ec100000)
  from space 1536K, 0% used [0x00000000ec580000,0x00000000ec580000,0x00000000ec700000)
  to   space 6144K, 0% used [0x00000000ec700000,0x00000000ec700000,0x00000000ecd00000)
 ParOldGen       total 68608K, used 16234K [0x00000000c0000000, 0x00000000c4300000, 0x00000000eab00000)
  object space 68608K, 23% used [0x00000000c0000000,0x00000000c0fdaa00,0x00000000c4300000)
 Metaspace       used 23893K, committed 24384K, reserved 1073152K
  class space    used 2423K, committed 2624K, reserved 1048576K
}
Event: 2.230 GC heap after
{Heap after GC invocations=13 (full 1):
 PSYoungGen      total 24576K, used 2087K [0x00000000eab00000, 0x00000000ec980000, 0x0000000100000000)
  eden space 22016K, 0% used [0x00000000eab00000,0x00000000eab00000,0x00000000ec080000)
  from space 2560K, 81% used [0x00000000ec700000,0x00000000ec909ed0,0x00000000ec980000)
  to   space 3584K, 0% used [0x00000000ec280000,0x00000000ec280000,0x00000000ec600000)
 ParOldGen       total 68608K, used 16242K [0x00000000c0000000, 0x00000000c4300000, 0x00000000eab00000)
  object space 68608K, 23% used [0x00000000c0000000,0x00000000c0fdca00,0x00000000c4300000)
 Metaspace       used 23893K, committed 24384K, reserved 1073152K
  class space    used 2423K, committed 2624K, reserved 1048576K
}
Event: 2.347 GC heap before
{Heap before GC invocations=14 (full 1):
 PSYoungGen      total 24576K, used 24084K [0x00000000eab00000, 0x00000000ec980000, 0x0000000100000000)
  eden space 22016K, 99% used [0x00000000eab00000,0x00000000ec07b130,0x00000000ec080000)
  from space 2560K, 81% used [0x00000000ec700000,0x00000000ec909ed0,0x00000000ec980000)
  to   space 3584K, 0% used [0x00000000ec280000,0x00000000ec280000,0x00000000ec600000)
 ParOldGen       total 68608K, used 16242K [0x00000000c0000000, 0x00000000c4300000, 0x00000000eab00000)
  object space 68608K, 23% used [0x00000000c0000000,0x00000000c0fdca00,0x00000000c4300000)
 Metaspace       used 26472K, committed 26944K, reserved 1081344K
  class space    used 2583K, committed 2816K, reserved 1048576K
}
Event: 2.348 GC heap after
{Heap after GC invocations=14 (full 1):
 PSYoungGen      total 25600K, used 352K [0x00000000eab00000, 0x00000000ec780000, 0x0000000100000000)
  eden space 22016K, 0% used [0x00000000eab00000,0x00000000eab00000,0x00000000ec080000)
  from space 3584K, 9% used [0x00000000ec280000,0x00000000ec2d8000,0x00000000ec600000)
  to   space 1536K, 0% used [0x00000000ec600000,0x00000000ec600000,0x00000000ec780000)
 ParOldGen       total 68608K, used 17825K [0x00000000c0000000, 0x00000000c4300000, 0x00000000eab00000)
  object space 68608K, 25% used [0x00000000c0000000,0x00000000c11686c8,0x00000000c4300000)
 Metaspace       used 26472K, committed 26944K, reserved 1081344K
  class space    used 2583K, committed 2816K, reserved 1048576K
}
Event: 2.470 GC heap before
{Heap before GC invocations=15 (full 1):
 PSYoungGen      total 25600K, used 22368K [0x00000000eab00000, 0x00000000ec780000, 0x0000000100000000)
  eden space 22016K, 100% used [0x00000000eab00000,0x00000000ec080000,0x00000000ec080000)
  from space 3584K, 9% used [0x00000000ec280000,0x00000000ec2d8000,0x00000000ec600000)
  to   space 1536K, 0% used [0x00000000ec600000,0x00000000ec600000,0x00000000ec780000)
 ParOldGen       total 68608K, used 17825K [0x00000000c0000000, 0x00000000c4300000, 0x00000000eab00000)
  object space 68608K, 25% used [0x00000000c0000000,0x00000000c11686c8,0x00000000c4300000)
 Metaspace       used 28888K, committed 29440K, reserved 1081344K
  class space    used 2774K, committed 3008K, reserved 1048576K
}
Event: 2.471 GC heap after
{Heap after GC invocations=15 (full 1):
 PSYoungGen      total 23040K, used 539K [0x00000000eab00000, 0x00000000ec700000, 0x0000000100000000)
  eden space 22016K, 0% used [0x00000000eab00000,0x00000000eab00000,0x00000000ec080000)
  from space 1024K, 52% used [0x00000000ec600000,0x00000000ec686f38,0x00000000ec700000)
  to   space 1024K, 0% used [0x00000000ec500000,0x00000000ec500000,0x00000000ec600000)
 ParOldGen       total 68608K, used 17937K [0x00000000c0000000, 0x00000000c4300000, 0x00000000eab00000)
  object space 68608K, 26% used [0x00000000c0000000,0x00000000c11846c8,0x00000000c4300000)
 Metaspace       used 28888K, committed 29440K, reserved 1081344K
  class space    used 2774K, committed 3008K, reserved 1048576K
}

