# JRE version: OpenJDK Runtime Environment Temurin-17.0.4+8 (17.0.4+8) (build 17.0.4+8)
# Java VM: OpenJDK 64-Bit Server VM Temurin-17.0.4+8 (17.0.4+8, mixed mode, tiered, compressed oops, compressed class ptrs, parallel gc, windows-amd64)
GC Precious Log:
 CPUs: 12 total, 12 available
 Memory: 8109M
 Large Page Support: Disabled
 NUMA Support: Disabled
 Compressed Oops: Enabled (32-bit)
 Alignments: Space 512K, Generation 512K, Heap 2M
 Heap Min Capacity: 100M
 Heap Initial Capacity: 100M
 Heap Max Capacity: 1G
 Pre-touch: Disabled
 Parallel Workers: 10
Heap:
 PSYoungGen      total 22528K, used 11637K [0x00000000eab00000, 0x00000000ec600000, 0x0000000100000000)
  eden space 22016K, 50% used [0x00000000eab00000,0x00000000eb5e6808,0x00000000ec080000)
  from space 512K, 92% used [0x00000000ec580000,0x00000000ec5f6f38,0x00000000ec600000)
  to   space 1024K, 0% used [0x00000000ec400000,0x00000000ec400000,0x00000000ec500000)
 ParOldGen       total 68608K, used 17996K [0x00000000c0000000, 0x00000000c4300000, 0x00000000eab00000)
  object space 68608K, 26% used [0x00000000c0000000,0x00000000c1193130,0x00000000c4300000)
 Metaspace       used 29895K, committed 30336K, reserved 1081344K
  class space    used 2873K, committed 3072K, reserved 1048576K
GC Heap History (20 events):
Event: 1.754 GC heap before
{Heap before GC invocations=6 (full 0):
 PSYoungGen      total 29184K, used 29003K [0x00000000eab00000, 0x00000000ece80000, 0x0000000100000000)
  eden space 25088K, 99% used [0x00000000eab00000,0x00000000ec3559f0,0x00000000ec380000)
  from space 4096K, 99% used [0x00000000ec400000,0x00000000ec7fd4e8,0x00000000ec800000)
  to   space 5632K, 0% used [0x00000000ec900000,0x00000000ec900000,0x00000000ece80000)
 ParOldGen       total 68608K, used 8465K [0x00000000c0000000, 0x00000000c4300000, 0x00000000eab00000)
  object space 68608K, 12% used [0x00000000c0000000,0x00000000c08446d0,0x00000000c4300000)
 Metaspace       used 20322K, committed 20736K, reserved 1073152K
  class space    used 2042K, committed 2240K, reserved 1048576K
}
Event: 1.758 GC heap after
{Heap after GC invocations=6 (full 0):
 PSYoungGen      total 29696K, used 5109K [0x00000000eab00000, 0x00000000ece00000, 0x0000000100000000)
  eden space 24576K, 0% used [0x00000000eab00000,0x00000000eab00000,0x00000000ec300000)
  from space 5120K, 99% used [0x00000000ec900000,0x00000000ecdfd568,0x00000000ece00000)
  to   space 5632K, 0% used [0x00000000ec300000,0x00000000ec300000,0x00000000ec880000)
 ParOldGen       total 68608K, used 8465K [0x00000000c0000000, 0x00000000c4300000, 0x00000000eab00000)
  object space 68608K, 12% used [0x00000000c0000000,0x00000000c08446d0,0x00000000c4300000)
 Metaspace       used 20322K, committed 20736K, reserved 1073152K
  class space    used 2042K, committed 2240K, reserved 1048576K
}
Event: 1.767 GC heap before
{Heap before GC invocations=7 (full 0):
 PSYoungGen      total 29696K, used 28618K [0x00000000eab00000, 0x00000000ece00000, 0x0000000100000000)
  eden space 24576K, 95% used [0x00000000eab00000,0x00000000ec1f54e8,0x00000000ec300000)
  from space 5120K, 99% used [0x00000000ec900000,0x00000000ecdfd568,0x00000000ece00000)
  to   space 5632K, 0% used [0x00000000ec300000,0x00000000ec300000,0x00000000ec880000)
 ParOldGen       total 68608K, used 8465K [0x00000000c0000000, 0x00000000c4300000, 0x00000000eab00000)
  object space 68608K, 12% used [0x00000000c0000000,0x00000000c08446d0,0x00000000c4300000)
 Metaspace       used 20322K, committed 20736K, reserved 1073152K
  class space    used 2042K, committed 2240K, reserved 1048576K
}
Event: 1.771 GC heap after
{Heap after GC invocations=7 (full 0):
 PSYoungGen      total 28160K, used 3650K [0x00000000eab00000, 0x00000000ecb80000, 0x0000000100000000)
  eden space 24064K, 0% used [0x00000000eab00000,0x00000000eab00000,0x00000000ec280000)
  from space 4096K, 89% used [0x00000000ec300000,0x00000000ec690828,0x00000000ec700000)
  to   space 4608K, 0% used [0x00000000ec700000,0x00000000ec700000,0x00000000ecb80000)
 ParOldGen       total 68608K, used 10095K [0x00000000c0000000, 0x00000000c4300000, 0x00000000eab00000)
  object space 68608K, 14% used [0x00000000c0000000,0x00000000c09dbf88,0x00000000c4300000)
 Metaspace       used 20322K, committed 20736K, reserved 1073152K
  class space    used 2042K, committed 2240K, reserved 1048576K
}
Event: 1.778 GC heap before
{Heap before GC invocations=8 (full 0):
 PSYoungGen      total 28160K, used 27316K [0x00000000eab00000, 0x00000000ecb80000, 0x0000000100000000)
  eden space 24064K, 98% used [0x00000000eab00000,0x00000000ec21cb98,0x00000000ec280000)
  from space 4096K, 89% used [0x00000000ec300000,0x00000000ec690828,0x00000000ec700000)
  to   space 4608K, 0% used [0x00000000ec700000,0x00000000ec700000,0x00000000ecb80000)
 ParOldGen       total 68608K, used 10095K [0x00000000c0000000, 0x00000000c4300000, 0x00000000eab00000)
  object space 68608K, 14% used [0x00000000c0000000,0x00000000c09dbf88,0x00000000c4300000)
 Metaspace       used 20322K, committed 20736K, reserved 1073152K
  class space    used 2042K, committed 2240K, reserved 1048576K
}
Event: 1.781 GC heap after
{Heap after GC invocations=8 (full 0):
 PSYoungGen      total 26624K, used 2602K [0x00000000eab00000, 0x00000000eca00000, 0x0000000100000000)
  eden space 23552K, 0% used [0x00000000eab00000,0x00000000eab00000,0x00000000ec200000)
  from space 3072K, 84% used [0x00000000ec700000,0x00000000ec98aaa0,0x00000000eca00000)
  to   space 3584K, 0% used [0x00000000ec300000,0x00000000ec300000,0x00000000ec680000)
 ParOldGen       total 68608K, used 12480K [0x00000000c0000000, 0x00000000c4300000, 0x00000000eab00000)
  object space 68608K, 18% used [0x00000000c0000000,0x00000000c0c300d8,0x00000000c4300000)
 Metaspace       used 20322K, committed 20736K, reserved 1073152K
  class space    used 2042K, committed 2240K, reserved 1048576K
}
Event: 1.789 GC heap before
{Heap before GC invocations=9 (full 0):
 PSYoungGen      total 26624K, used 26112K [0x00000000eab00000, 0x00000000eca00000, 0x0000000100000000)
  eden space 23552K, 99% used [0x00000000eab00000,0x00000000ec1f56e0,0x00000000ec200000)
  from space 3072K, 84% used [0x00000000ec700000,0x00000000ec98aaa0,0x00000000eca00000)
  to   space 3584K, 0% used [0x00000000ec300000,0x00000000ec300000,0x00000000ec680000)
 ParOldGen       total 68608K, used 12480K [0x00000000c0000000, 0x00000000c4300000, 0x00000000eab00000)
  object space 68608K, 18% used [0x00000000c0000000,0x00000000c0c300d8,0x00000000c4300000)
 Metaspace       used 20322K, committed 20736K, reserved 1073152K
  class space    used 2042K, committed 2240K, reserved 1048576K
}
Event: 1.790 GC heap after
{Heap after GC invocations=9 (full 0):
 PSYoungGen      total 26112K, used 2874K [0x00000000eab00000, 0x00000000ec780000, 0x0000000100000000)
  eden space 23040K, 0% used [0x00000000eab00000,0x00000000eab00000,0x00000000ec180000)
  from space 3072K, 93% used [0x00000000ec300000,0x00000000ec5ceaa0,0x00000000ec600000)
  to   space 1536K, 0% used [0x00000000ec600000,0x00000000ec600000,0x00000000ec780000)
 ParOldGen       total 68608K, used 12480K [0x00000000c0000000, 0x00000000c4300000, 0x00000000eab00000)
  object space 68608K, 18% used [0x00000000c0000000,0x00000000c0c300d8,0x00000000c4300000)
 Metaspace       used 20322K, committed 20736K, reserved 1073152K
  class space    used 2042K, committed 2240K, reserved 1048576K
}
Event: 1.807 GC heap before
{Heap before GC invocations=10 (full 0):
 PSYoungGen      total 26112K, used 25914K [0x00000000eab00000, 0x00000000ec780000, 0x0000000100000000)
  eden space 23040K, 100% used [0x00000000eab00000,0x00000000ec180000,0x00000000ec180000)
  from space 3072K, 93% used [0x00000000ec300000,0x00000000ec5ceaa0,0x00000000ec600000)
  to   space 1536K, 0% used [0x00000000ec600000,0x00000000ec600000,0x00000000ec780000)
 ParOldGen       total 68608K, used 12480K [0x00000000c0000000, 0x00000000c4300000, 0x00000000eab00000)
  object space 68608K, 18% used [0x00000000c0000000,0x00000000c0c300d8,0x00000000c4300000)
 Metaspace       used 20322K, committed 20736K, reserved 1073152K
  class space    used 2042K, committed 2240K, reserved 1048576K
}
Event: 1.809 GC heap after
{Heap after GC invocations=10 (full 0):
 PSYoungGen      total 24064K, used 1536K [0x00000000eab00000, 0x00000000ec800000, 0x0000000100000000)
  eden space 22528K, 0% used [0x00000000eab00000,0x00000000eab00000,0x00000000ec100000)
  from space 1536K, 100% used [0x00000000ec600000,0x00000000ec780000,0x00000000ec780000)
  to   space 3584K, 0% used [0x00000000ec100000,0x00000000ec100000,0x00000000ec480000)
 ParOldGen       total 68608K, used 14055K [0x00000000c0000000, 0x00000000c4300000, 0x00000000eab00000)
  object space 68608K, 20% used [0x00000000c0000000,0x00000000c0db9d10,0x00000000c4300000)
 Metaspace       used 20322K, committed 20736K, reserved 1073152K
  class space    used 2042K, committed 2240K, reserved 1048576K
}
Event: 2.050 GC heap before
{Heap before GC invocations=11 (full 0):
 PSYoungGen      total 24064K, used 18879K [0x00000000eab00000, 0x00000000ec800000, 0x0000000100000000)
  eden space 22528K, 76% used [0x00000000eab00000,0x00000000ebbefda0,0x00000000ec100000)
  from space 1536K, 100% used [0x00000000ec600000,0x00000000ec780000,0x00000000ec780000)
  to   space 3584K, 0% used [0x00000000ec100000,0x00000000ec100000,0x00000000ec480000)
 ParOldGen       total 68608K, used 14055K [0x00000000c0000000, 0x00000000c4300000, 0x00000000eab00000)
  object space 68608K, 20% used [0x00000000c0000000,0x00000000c0db9d10,0x00000000c4300000)
 Metaspace       used 21062K, committed 21504K, reserved 1073152K
  class space    used 2107K, committed 2304K, reserved 1048576K
}
Event: 2.053 GC heap after
{Heap after GC invocations=11 (full 0):
 PSYoungGen      total 26112K, used 3584K [0x00000000eab00000, 0x00000000ecc00000, 0x0000000100000000)
  eden space 22528K, 0% used [0x00000000eab00000,0x00000000eab00000,0x00000000ec100000)
  from space 3584K, 100% used [0x00000000ec100000,0x00000000ec480000,0x00000000ec480000)
  to   space 5632K, 0% used [0x00000000ec680000,0x00000000ec680000,0x00000000ecc00000)
 ParOldGen       total 68608K, used 15671K [0x00000000c0000000, 0x00000000c4300000, 0x00000000eab00000)
  object space 68608K, 22% used [0x00000000c0000000,0x00000000c0f4dd10,0x00000000c4300000)
 Metaspace       used 21062K, committed 21504K, reserved 1073152K
  class space    used 2107K, committed 2304K, reserved 1048576K
}
Event: 2.053 GC heap before
{Heap before GC invocations=12 (full 1):
 PSYoungGen      total 26112K, used 3584K [0x00000000eab00000, 0x00000000ecc00000, 0x0000000100000000)
  eden space 22528K, 0% used [0x00000000eab00000,0x00000000eab00000,0x00000000ec100000)
  from space 3584K, 100% used [0x00000000ec100000,0x00000000ec480000,0x00000000ec480000)
  to   space 5632K, 0% used [0x00000000ec680000,0x00000000ec680000,0x00000000ecc00000)
 ParOldGen       total 68608K, used 15671K [0x00000000c0000000, 0x00000000c4300000, 0x00000000eab00000)
  object space 68608K, 22% used [0x00000000c0000000,0x00000000c0f4dd10,0x00000000c4300000)
 Metaspace       used 21062K, committed 21504K, reserved 1073152K
  class space    used 2107K, committed 2304K, reserved 1048576K
}
Event: 2.078 GC heap after
{Heap after GC invocations=12 (full 1):
 PSYoungGen      total 26112K, used 0K [0x00000000eab00000, 0x00000000ecc00000, 0x0000000100000000)
  eden space 22528K, 0% used [0x00000000eab00000,0x00000000eab00000,0x00000000ec100000)
  from space 3584K, 0% used [0x00000000ec100000,0x00000000ec100000,0x00000000ec480000)
  to   space 5632K, 0% used [0x00000000ec680000,0x00000000ec680000,0x00000000ecc00000)
 ParOldGen       total 68608K, used 16224K [0x00000000c0000000, 0x00000000c4300000, 0x00000000eab00000)
  object space 68608K, 23% used [0x00000000c0000000,0x00000000c0fd8310,0x00000000c4300000)
 Metaspace       used 21048K, committed 21504K, reserved 1073152K
  class space    used 2103K, committed 2304K, reserved 1048576K
}
Event: 2.526 GC heap before
{Heap before GC invocations=13 (full 1):
 PSYoungGen      total 26112K, used 22528K [0x00000000eab00000, 0x00000000ecc00000, 0x0000000100000000)
  eden space 22528K, 100% used [0x00000000eab00000,0x00000000ec100000,0x00000000ec100000)
  from space 3584K, 0% used [0x00000000ec100000,0x00000000ec100000,0x00000000ec480000)
  to   space 5632K, 0% used [0x00000000ec680000,0x00000000ec680000,0x00000000ecc00000)
 ParOldGen       total 68608K, used 16224K [0x00000000c0000000, 0x00000000c4300000, 0x00000000eab00000)
  object space 68608K, 23% used [0x00000000c0000000,0x00000000c0fd8310,0x00000000c4300000)
 Metaspace       used 23936K, committed 24448K, reserved 1073152K
  class space    used 2427K, committed 2624K, reserved 1048576K
}
Event: 2.528 GC heap after
{Heap after GC invocations=13 (full 1):
 PSYoungGen      total 24064K, used 1884K [0x00000000eab00000, 0x00000000ec880000, 0x0000000100000000)
  eden space 22016K, 0% used [0x00000000eab00000,0x00000000eab00000,0x00000000ec080000)
  from space 2048K, 92% used [0x00000000ec680000,0x00000000ec857100,0x00000000ec880000)
  to   space 3584K, 0% used [0x00000000ec180000,0x00000000ec180000,0x00000000ec500000)
 ParOldGen       total 68608K, used 16232K [0x00000000c0000000, 0x00000000c4300000, 0x00000000eab00000)
  object space 68608K, 23% used [0x00000000c0000000,0x00000000c0fda310,0x00000000c4300000)
 Metaspace       used 23936K, committed 24448K, reserved 1073152K
  class space    used 2427K, committed 2624K, reserved 1048576K
}
Event: 2.671 GC heap before
{Heap before GC invocations=14 (full 1):
 PSYoungGen      total 24064K, used 23900K [0x00000000eab00000, 0x00000000ec880000, 0x0000000100000000)
  eden space 22016K, 100% used [0x00000000eab00000,0x00000000ec080000,0x00000000ec080000)
  from space 2048K, 92% used [0x00000000ec680000,0x00000000ec857100,0x00000000ec880000)
  to   space 3584K, 0% used [0x00000000ec180000,0x00000000ec180000,0x00000000ec500000)
 ParOldGen       total 68608K, used 16232K [0x00000000c0000000, 0x00000000c4300000, 0x00000000eab00000)
  object space 68608K, 23% used [0x00000000c0000000,0x00000000c0fda310,0x00000000c4300000)
 Metaspace       used 26607K, committed 27136K, reserved 1081344K
  class space    used 2597K, committed 2816K, reserved 1048576K
}
Event: 2.673 GC heap after
{Heap after GC invocations=14 (full 1):
 PSYoungGen      total 25600K, used 320K [0x00000000eab00000, 0x00000000ec700000, 0x0000000100000000)
  eden space 22016K, 0% used [0x00000000eab00000,0x00000000eab00000,0x00000000ec080000)
  from space 3584K, 8% used [0x00000000ec180000,0x00000000ec1d0000,0x00000000ec500000)
  to   space 1536K, 0% used [0x00000000ec580000,0x00000000ec580000,0x00000000ec700000)
 ParOldGen       total 68608K, used 17892K [0x00000000c0000000, 0x00000000c4300000, 0x00000000eab00000)
  object space 68608K, 26% used [0x00000000c0000000,0x00000000c1179130,0x00000000c4300000)
 Metaspace       used 26607K, committed 27136K, reserved 1081344K
  class space    used 2597K, committed 2816K, reserved 1048576K
}
Event: 2.796 GC heap before
{Heap before GC invocations=15 (full 1):
 PSYoungGen      total 25600K, used 22336K [0x00000000eab00000, 0x00000000ec700000, 0x0000000100000000)
  eden space 22016K, 100% used [0x00000000eab00000,0x00000000ec080000,0x00000000ec080000)
  from space 3584K, 8% used [0x00000000ec180000,0x00000000ec1d0000,0x00000000ec500000)
  to   space 1536K, 0% used [0x00000000ec580000,0x00000000ec580000,0x00000000ec700000)
 ParOldGen       total 68608K, used 17892K [0x00000000c0000000, 0x00000000c4300000, 0x00000000eab00000)
  object space 68608K, 26% used [0x00000000c0000000,0x00000000c1179130,0x00000000c4300000)
 Metaspace       used 29032K, committed 29504K, reserved 1081344K
  class space    used 2788K, committed 3008K, reserved 1048576K
}
Event: 2.797 GC heap after
{Heap after GC invocations=15 (full 1):
 PSYoungGen      total 22528K, used 475K [0x00000000eab00000, 0x00000000ec600000, 0x0000000100000000)
  eden space 22016K, 0% used [0x00000000eab00000,0x00000000eab00000,0x00000000ec080000)
  from space 512K, 92% used [0x00000000ec580000,0x00000000ec5f6f38,0x00000000ec600000)
  to   space 1024K, 0% used [0x00000000ec400000,0x00000000ec400000,0x00000000ec500000)
 ParOldGen       total 68608K, used 17996K [0x00000000c0000000, 0x00000000c4300000, 0x00000000eab00000)
  object space 68608K, 26% used [0x00000000c0000000,0x00000000c1193130,0x00000000c4300000)
 Metaspace       used 29032K, committed 29504K, reserved 1081344K
  class space    used 2788K, committed 3008K, reserved 1048576K
}

